  MySqlPool.cpp
D:\githubClone\laiotian_Demo\laiotianServer\GateServer\MySqlPool.cpp(1,1): warning C4819: 该文件包含不能在当前代码页(936)中表示的字符。请将该文件保存为 Unicode 格式以防止数据丢失
D:\githubClone\laiotian_Demo\laiotianServer\GateServer\const.h(1,1): warning C4819: 该文件包含不能在当前代码页(936)中表示的字符。请将该文件保存为 Unicode 格式以防止数据丢失
  Please define _WIN32_WINNT or _WIN32_WINDOWS appropriately. For example:
  - add -D_WIN32_WINNT=0x0601 to the compiler command line; or
  - add _WIN32_WINNT=0x0601 to your project's Preprocessor Definitions.
  Assuming _WIN32_WINNT=0x0601 (i.e. Windows 7 target).
D:\githubClone\laiotian_Demo\laiotianServer\GateServer\MySqlPool.cpp(34,29): warning C4267: “初始化”: 从“size_t”转换到“int”，可能丢失数据
  RedisMgr.cpp
D:\githubClone\laiotian_Demo\laiotianServer\GateServer\RedisMgr.cpp(1,1): warning C4819: 该文件包含不能在当前代码页(936)中表示的字符。请将该文件保存为 Unicode 格式以防止数据丢失
D:\githubClone\laiotian_Demo\laiotianServer\GateServer\const.h(1,1): warning C4819: 该文件包含不能在当前代码页(936)中表示的字符。请将该文件保存为 Unicode 格式以防止数据丢失
  Please define _WIN32_WINNT or _WIN32_WINDOWS appropriately. For example:
  - add -D_WIN32_WINNT=0x0601 to the compiler command line; or
  - add _WIN32_WINNT=0x0601 to your project's Preprocessor Definitions.
  Assuming _WIN32_WINNT=0x0601 (i.e. Windows 7 target).
  正在生成代码...
  GateServer.vcxproj -> D:\githubClone\laiotian_Demo\laiotianServer\GateServer\x64\Debug\GateServer.exe
  D:\githubClone\laiotian_Demo\laiotianServer\GateServer\config.ini
  复制了 1 个文件
  D:\githubClone\laiotian_Demo\laiotianServer\GateServer\mysqlcppconn-10-vs14.dll
  D:\githubClone\laiotian_Demo\laiotianServer\GateServer\mysqlcppconnx-2-vs14.dll
  复制了 2 个文件
