d:\githubclone\laiotian_demo\laiotianserver\gateserver\x64\debug\vc142.pdb
d:\githubclone\laiotian_demo\laiotianserver\gateserver\x64\debug\vc142.idb
d:\githubclone\laiotian_demo\laiotianserver\gateserver\x64\debug\gateserver.obj
d:\githubclone\laiotian_demo\laiotianserver\gateserver\x64\debug\logicsystem.obj
d:\githubclone\laiotian_demo\laiotianserver\gateserver\x64\debug\httpconnection.obj
d:\githubclone\laiotian_demo\laiotianserver\gateserver\x64\debug\cserver.obj
d:\githubclone\laiotian_demo\laiotianserver\gateserver\x64\debug\verifygrpcclient.obj
d:\githubclone\laiotian_demo\laiotianserver\gateserver\x64\debug\message.pb.obj
d:\githubclone\laiotian_demo\laiotianserver\gateserver\x64\debug\message.grpc.pb.obj
d:\githubclone\laiotian_demo\laiotianserver\gateserver\x64\debug\configmgr.obj
d:\githubclone\laiotian_demo\laiotianserver\gateserver\x64\debug\asioioservicepool.obj
d:\githubclone\laiotian_demo\laiotianserver\gateserver\x64\debug\redismgr.obj
d:\githubclone\laiotian_demo\laiotianserver\gateserver\x64\debug\gateserver.exe
d:\githubclone\laiotian_demo\laiotianserver\gateserver\x64\debug\gateserver.ilk
d:\githubclone\laiotian_demo\laiotianserver\gateserver\x64\debug\gateserver.pdb
d:\githubclone\laiotian_demo\laiotianserver\gateserver\x64\debug\redismgr.obj.enc
d:\githubclone\laiotian_demo\laiotianserver\gateserver\x64\debug\gateserver.tlog\cl.command.1.tlog
d:\githubclone\laiotian_demo\laiotianserver\gateserver\x64\debug\gateserver.tlog\cl.read.1.tlog
d:\githubclone\laiotian_demo\laiotianserver\gateserver\x64\debug\gateserver.tlog\cl.write.1.tlog
d:\githubclone\laiotian_demo\laiotianserver\gateserver\x64\debug\gateserver.tlog\link.command.1.tlog
d:\githubclone\laiotian_demo\laiotianserver\gateserver\x64\debug\gateserver.tlog\link.read.1.tlog
d:\githubclone\laiotian_demo\laiotianserver\gateserver\x64\debug\gateserver.tlog\link.write.1.tlog
